PLINK v1.90b6.21 64-bit (19 Oct 2020)
Options in effect:
  --allow-extra-chr
  --bfile ../BANS.ds6x.maf.0.05.SNP.above4x.maxmiss.8.imputed4.1.ld25-10-0.5
  --out BANS.ds6x.maf.0.05.SNP.above4x.maxmiss.8.imputed4.1.ld25-10-0.5
  --pca 10 header

Hostname: login-ci4
Working directory: /scratch/alpine/ericacnr@colostate.edu/BANS/03.GEA/pop_struc
Start time: Tue Aug 26 12:36:02 2025

Random number seed: 1756233362
7695 MB RAM detected; reserving 3847 MB for main workspace.
1584271 variants loaded from .bim file.
139 people (0 males, 0 females, 139 ambiguous) loaded from .fam.
Ambiguous sex IDs written to
BANS.ds6x.maf.0.05.SNP.above4x.maxmiss.8.imputed4.1.ld25-10-0.5.nosex .
Using up to 8 threads (change this with --threads).
Before main variant filters, 139 founders and 0 nonfounders present.
Calculating allele frequencies... done.
1584271 variants and 139 people pass filters and QC.
Note: No phenotypes present.
Relationship matrix calculation complete.
--pca: Results saved to
BANS.ds6x.maf.0.05.SNP.above4x.maxmiss.8.imputed4.1.ld25-10-0.5.eigenval and
BANS.ds6x.maf.0.05.SNP.above4x.maxmiss.8.imputed4.1.ld25-10-0.5.eigenvec .

End time: Tue Aug 26 12:36:09 2025
